c:\users\newmr\desktop\study\mystl\mystl\x64\debug\vc142.pdb
c:\users\newmr\desktop\study\mystl\mystl\x64\debug\vc142.idb
c:\users\newmr\desktop\study\mystl\mystl\x64\debug\memorymanager.obj
c:\users\newmr\desktop\study\mystl\mystl\x64\debug\main.obj
c:\users\newmr\desktop\study\mystl\x64\debug\mystl.pdb
c:\users\newmr\desktop\study\mystl\mystl\x64\debug\mystl.tlog\cl.command.1.tlog
c:\users\newmr\desktop\study\mystl\mystl\x64\debug\mystl.tlog\cl.read.1.tlog
c:\users\newmr\desktop\study\mystl\mystl\x64\debug\mystl.tlog\cl.write.1.tlog
c:\users\newmr\desktop\study\mystl\mystl\x64\debug\mystl.tlog\link-cvtres.read.1.tlog
c:\users\newmr\desktop\study\mystl\mystl\x64\debug\mystl.tlog\link-cvtres.write.1.tlog
c:\users\newmr\desktop\study\mystl\mystl\x64\debug\mystl.tlog\link-rc.read.1.tlog
c:\users\newmr\desktop\study\mystl\mystl\x64\debug\mystl.tlog\link-rc.write.1.tlog
c:\users\newmr\desktop\study\mystl\mystl\x64\debug\mystl.tlog\link.7360-cvtres.read.1.tlog
c:\users\newmr\desktop\study\mystl\mystl\x64\debug\mystl.tlog\link.7360-cvtres.write.1.tlog
c:\users\newmr\desktop\study\mystl\mystl\x64\debug\mystl.tlog\link.7360-rc.read.1.tlog
c:\users\newmr\desktop\study\mystl\mystl\x64\debug\mystl.tlog\link.7360-rc.write.1.tlog
c:\users\newmr\desktop\study\mystl\mystl\x64\debug\mystl.tlog\link.7360.read.1.tlog
c:\users\newmr\desktop\study\mystl\mystl\x64\debug\mystl.tlog\link.7360.write.1.tlog
c:\users\newmr\desktop\study\mystl\mystl\x64\debug\mystl.tlog\link.command.1.tlog
c:\users\newmr\desktop\study\mystl\mystl\x64\debug\mystl.tlog\link.read.1.tlog
c:\users\newmr\desktop\study\mystl\mystl\x64\debug\mystl.tlog\link.write.1.tlog
